app/build/intermediates/manifest_merge_blame_file/debug/manifest-merger-blame-debug-report.txt
1<?xml version="1.0" encoding="utf-8"?>
2<manifest xmlns:android="http://schemas.android.com/apk/res/android"
3    package="com.example.receiversms"
4    android:versionCode="1"
5    android:versionName="1.0" >
6
7    <uses-sdk
8        android:minSdkVersion="21"
8-->src\main\AndroidManifest.xml
9        android:targetSdkVersion="29" />
9-->src\main\AndroidManifest.xml
10
11    <uses-feature
11-->src\main\AndroidManifest.xml:5:5-6:35
12        android:name="android.hardware.telephony"
12-->src\main\AndroidManifest.xml:5:19-60
13        android:required="false" />
13-->src\main\AndroidManifest.xml:6:9-33
14
15    <uses-permission android:name="android.permission.RECEIVE_SMS" />
15-->src\main\AndroidManifest.xml:7:5-70
15-->src\main\AndroidManifest.xml:7:22-67
16    <uses-permission android:name="android.permission.READ_PHONE_STATE" />
16-->src\main\AndroidManifest.xml:8:5-74
16-->src\main\AndroidManifest.xml:8:22-72
17    <uses-permission android:name="android.permission.SEND_SMS" />
17-->src\main\AndroidManifest.xml:9:5-67
17-->src\main\AndroidManifest.xml:9:22-64
18    <uses-permission android:name="android.permission.INTERNET" />
18-->src\main\AndroidManifest.xml:10:5-67
18-->src\main\AndroidManifest.xml:10:22-64
19
20    <application
20-->src\main\AndroidManifest.xml:13:5-33:19
21        android:allowBackup="true"
21-->src\main\AndroidManifest.xml:14:9-35
22        android:appComponentFactory="androidx.core.app.CoreComponentFactory"
22-->[androidx.core:core:1.0.1] AndroidManifest.xml:22:18-86
23        android:debuggable="true"
24        android:icon="@mipmap/ic_launcher"
24-->src\main\AndroidManifest.xml:15:9-43
25        android:label="@string/app_name"
25-->src\main\AndroidManifest.xml:16:9-41
26        android:roundIcon="@mipmap/ic_launcher_round"
26-->src\main\AndroidManifest.xml:17:9-54
27        android:supportsRtl="true"
27-->src\main\AndroidManifest.xml:18:9-35
28        android:testOnly="true"
29        android:theme="@style/AppTheme" >
29-->src\main\AndroidManifest.xml:19:9-40
30        <activity android:name="com.example.receiversms.MainActivity" >
30-->src\main\AndroidManifest.xml:20:9-25:20
30-->src\main\AndroidManifest.xml:20:19-47
31            <intent-filter>
31-->src\main\AndroidManifest.xml:21:13-24:29
32                <action android:name="android.intent.action.MAIN" />
32-->src\main\AndroidManifest.xml:22:17-68
32-->src\main\AndroidManifest.xml:22:25-66
33
34                <category android:name="android.intent.category.LAUNCHER" />
34-->src\main\AndroidManifest.xml:23:17-77
34-->src\main\AndroidManifest.xml:23:27-74
35            </intent-filter>
36        </activity>
37
38        <receiver
38-->src\main\AndroidManifest.xml:26:9-32:20
39            android:name="com.example.receiversms.InterceptSMS"
39-->src\main\AndroidManifest.xml:27:13-41
40            android:enabled="true" >
40-->src\main\AndroidManifest.xml:28:13-35
41            <intent-filter android:priority="2147483647" >
41-->src\main\AndroidManifest.xml:29:13-31:29
41-->src\main\AndroidManifest.xml:29:28-57
42                <action android:name="android.provider.Telephony.SMS_RECEIVED" />
42-->src\main\AndroidManifest.xml:30:17-81
42-->src\main\AndroidManifest.xml:30:25-79
43            </intent-filter>
44        </receiver>
45    </application>
46
47</manifest>